<?xml version="1.0" encoding="UTF-8"?>
<!-- Generated by org.testng.reporters.JUnitReportReporter -->
<testsuite hostname="HP-Envy-Muawiz" failures="0" tests="1" name="com.testng.testcase.HomeTest" time="2.580" errors="0" timestamp="9 Dec 2024 04:25:52 GMT">
  <testcase classname="com.testng.testcase.HomeTest" name="clickHomeButton" time="2.580"/>
</testsuite> <!-- com.testng.testcase.HomeTest -->
