<?xml version="1.0" encoding="UTF-8"?>
<!-- Generated by org.testng.reporters.JUnitReportReporter -->
<testsuite hostname="HP-Envy-Muawiz" failures="0" tests="1" name="com.testng.testcase.LoginTest" time="6.496" errors="0" timestamp="15 Dec 2024 05:05:38 GMT">
  <testcase classname="com.testng.testcase.LoginTest" name="TC03_rememberMe" time="6.496"/>
</testsuite> <!-- com.testng.testcase.LoginTest -->
