<?xml version="1.0" encoding="UTF-8"?>
<!-- Generated by org.testng.reporters.JUnitReportReporter -->
<testsuite hostname="HP-Envy-Muawiz" failures="0" tests="1" name="com.testng.testcase.MenuDropDownTest" time="15.663" errors="0" timestamp="15 Dec 2024 04:49:00 GMT">
  <testcase classname="com.testng.testcase.MenuDropDownTest" name="TC07_editMySettings" time="15.663"/>
</testsuite> <!-- com.testng.testcase.MenuDropDownTest -->
