<?xml version="1.0" encoding="UTF-8"?>
<!-- Generated by org.testng.reporters.JUnitReportReporter -->
<testsuite hostname="HP-Envy-Muawiz" failures="0" tests="5" name="com.testng.testcase.MenuDropDownTest" time="47.935" errors="0" timestamp="15 Dec 2024 06:31:20 GMT">
  <testcase classname="com.testng.testcase.MenuDropDownTest" name="TC08_devConsole" time="4.713"/>
  <testcase classname="com.testng.testcase.MenuDropDownTest" name="TC05_selectUserMenu" time="4.025"/>
  <testcase classname="com.testng.testcase.MenuDropDownTest" name="TC07_editMySettings" time="14.020"/>
  <testcase classname="com.testng.testcase.MenuDropDownTest" name="TC09_logout" time="4.405"/>
  <testcase classname="com.testng.testcase.MenuDropDownTest" name="TC06_editMyProfile" time="20.772"/>
</testsuite> <!-- com.testng.testcase.MenuDropDownTest -->
