<?xml version="1.0" encoding="UTF-8"?>
<!-- Generated by org.testng.reporters.JUnitReportReporter -->
<testsuite hostname="HP-Envy-Muawiz" failures="0" tests="5" name="com.testng.testcase.LoginTest" time="17.818" errors="0" timestamp="15 Dec 2024 06:31:20 GMT">
  <testcase classname="com.testng.testcase.LoginTest" name="TC03_rememberMe" time="7.995"/>
  <testcase classname="com.testng.testcase.LoginTest" name="TC01_loginErrorMessage" time="2.388"/>
  <testcase classname="com.testng.testcase.LoginTest" name="TC04A_forgotPassword" time="2.028"/>
  <testcase classname="com.testng.testcase.LoginTest" name="TC02_validLogin" time="3.273"/>
  <testcase classname="com.testng.testcase.LoginTest" name="TC04B_validateLoginErrorMsg" time="2.134"/>
</testsuite> <!-- com.testng.testcase.LoginTest -->
