<?xml version="1.0" encoding="UTF-8"?>
<!-- Generated by org.testng.reporters.JUnitReportReporter -->
<testsuite hostname="HP-Envy-Muawiz" failures="0" tests="1" name="com.testng.testcase.AccountsTest" time="10.002" errors="0" timestamp="15 Dec 2024 06:31:20 GMT">
  <testcase classname="com.testng.testcase.AccountsTest" name="TC10_createAccount" time="10.002"/>
</testsuite> <!-- com.testng.testcase.AccountsTest -->
